2018-01-18 01:23:19 [scrapy.utils.log] INFO: Scrapy 1.3.3 started (bot: fyh)
2018-01-18 01:23:19 [scrapy.utils.log] INFO: Overridden settings: {'NEWSPIDER_MODULE': 'fyh.spiders', 'SPIDER_MODULES': ['fyh.spiders'], 'LOG_FILE': 'logs/fyh/fyhspider/121d5c76fc1811e7b770485b39c53ff1.log', 'BOT_NAME': 'fyh'}
2018-01-18 01:23:19 [scrapy.middleware] INFO: Enabled extensions:
['scrapy.extensions.logstats.LogStats',
 'scrapy.extensions.telnet.TelnetConsole',
 'scrapy.extensions.corestats.CoreStats']
2018-01-18 01:23:19 [scrapy.middleware] INFO: Enabled downloader middlewares:
['scrapy.downloadermiddlewares.httpauth.HttpAuthMiddleware',
 'scrapy.downloadermiddlewares.downloadtimeout.DownloadTimeoutMiddleware',
 'scrapy.downloadermiddlewares.defaultheaders.DefaultHeadersMiddleware',
 'scrapy.downloadermiddlewares.useragent.UserAgentMiddleware',
 'scrapy.downloadermiddlewares.retry.RetryMiddleware',
 'scrapy.downloadermiddlewares.redirect.MetaRefreshMiddleware',
 'scrapy.downloadermiddlewares.httpcompression.HttpCompressionMiddleware',
 'scrapy.downloadermiddlewares.redirect.RedirectMiddleware',
 'scrapy.downloadermiddlewares.cookies.CookiesMiddleware',
 'scrapy.downloadermiddlewares.stats.DownloaderStats']
2018-01-18 01:23:19 [scrapy.middleware] INFO: Enabled spider middlewares:
['scrapy.spidermiddlewares.httperror.HttpErrorMiddleware',
 'scrapy.spidermiddlewares.offsite.OffsiteMiddleware',
 'scrapy.spidermiddlewares.referer.RefererMiddleware',
 'scrapy.spidermiddlewares.urllength.UrlLengthMiddleware',
 'scrapy.spidermiddlewares.depth.DepthMiddleware']
2018-01-18 01:23:19 [scrapy.middleware] INFO: Enabled item pipelines:
[]
2018-01-18 01:23:19 [scrapy.core.engine] INFO: Spider opened
2018-01-18 01:23:19 [scrapy.extensions.logstats] INFO: Crawled 0 pages (at 0 pages/min), scraped 0 items (at 0 items/min)
2018-01-18 01:23:19 [scrapy.extensions.telnet] DEBUG: Telnet console listening on 127.0.0.1:6024
2018-01-18 01:23:19 [scrapy.core.engine] DEBUG: Crawled (200) <GET https://www.baidu.com/> (referer: None)
2018-01-18 01:26:19 [scrapy.extensions.logstats] INFO: Crawled 1 pages (at 1 pages/min), scraped 0 items (at 0 items/min)
2018-01-18 01:26:19 [scrapy.core.engine] INFO: Closing spider (finished)
2018-01-18 01:26:19 [scrapy.statscollectors] INFO: Dumping Scrapy stats:
{'downloader/request_bytes': 211,
 'downloader/request_count': 1,
 'downloader/request_method_count/GET': 1,
 'downloader/response_bytes': 1511,
 'downloader/response_count': 1,
 'downloader/response_status_count/200': 1,
 'finish_reason': 'finished',
 'finish_time': datetime.datetime(2018, 1, 18, 6, 26, 19, 801361),
 'log_count/DEBUG': 2,
 'log_count/INFO': 8,
 'response_received_count': 1,
 'scheduler/dequeued': 1,
 'scheduler/dequeued/memory': 1,
 'scheduler/enqueued': 1,
 'scheduler/enqueued/memory': 1,
 'start_time': datetime.datetime(2018, 1, 18, 6, 23, 19, 344636)}
2018-01-18 01:26:19 [scrapy.core.engine] INFO: Spider closed (finished)
